make --dry-run --always-make --keep-going --print-directory
make: Entering directory '/mnt/d/CProgramming/42_push_swap/42_push_swap'
cc -Wall -Wextra -Werror -g -c srcs/main/main.c -o srcs/main/main.o
cc -Wall -Wextra -Werror -g -c srcs/main/mainsupport.c -o srcs/main/mainsupport.o
cc -Wall -Wextra -Werror -g -c srcs/main/radix.c -o srcs/main/radix.o
cc -Wall -Wextra -Werror -g -c srcs/rules/ft_push_ops.c -o srcs/rules/ft_push_ops.o
 
cc -Wall -Wextra -Werror -g -c srcs/rules/ft_rev_rot_ops.c -o srcs/rules/ft_rev_rot_ops.o
 
cc -Wall -Wextra -Werror -g -c srcs/rules/ft_rot_ops.c -o srcs/rules/ft_rot_ops.o
 
cc -Wall -Wextra -Werror -g -c srcs/rules/ft_swap_ops.c -o srcs/rules/ft_swap_ops.o
 
cc -Wall -Wextra -Werror -g -c srcs/rules/list_rules1.c -o srcs/rules/list_rules1.o
 
cc -Wall -Wextra -Werror -g -c srcs/rules/list_rules2.c -o srcs/rules/list_rules2.o
 
cc -Wall -Wextra -Werror -g -c srcs/sorts/sort_checker.c -o srcs/sorts/sort_checker.o
 
cc -Wall -Wextra -Werror -g -c srcs/sorts/sort.c -o srcs/sorts/sort.o
make -C ./srcs/imports/libft
 
make[1]: Entering directory '/mnt/d/CProgramming/42_push_swap/42_push_swap/srcs/imports/libft'
cc -Wall -Wextra -Werror   -c -o ft_isalpha.o ft_isalpha.c
 
cc -Wall -Wextra -Werror   -c -o ft_isdigit.o ft_isdigit.c
cc -Wall -Wextra -Werror   -c -o ft_isalnum.o ft_isalnum.c
 
cc -Wall -Wextra -Werror   -c -o ft_isascii.o ft_isascii.c
cc -Wall -Wextra -Werror   -c -o ft_isprint.o ft_isprint.c
 
cc -Wall -Wextra -Werror   -c -o ft_strlen.o ft_strlen.c
cc -Wall -Wextra -Werror   -c -o ft_memset.o ft_memset.c
 
cc -Wall -Wextra -Werror   -c -o ft_bzero.o ft_bzero.c
cc -Wall -Wextra -Werror   -c -o ft_memcpy.o ft_memcpy.c
 
cc -Wall -Wextra -Werror   -c -o ft_memmove.o ft_memmove.c
cc -Wall -Wextra -Werror   -c -o ft_strlcpy.o ft_strlcpy.c
 
cc -Wall -Wextra -Werror   -c -o ft_strlcat.o ft_strlcat.c
cc -Wall -Wextra -Werror   -c -o ft_toupper.o ft_toupper.c
 
cc -Wall -Wextra -Werror   -c -o ft_tolower.o ft_tolower.c
cc -Wall -Wextra -Werror   -c -o ft_strchr.o ft_strchr.c
 
cc -Wall -Wextra -Werror   -c -o ft_strrchr.o ft_strrchr.c
cc -Wall -Wextra -Werror   -c -o ft_strncmp.o ft_strncmp.c
 
cc -Wall -Wextra -Werror   -c -o ft_memchr.o ft_memchr.c
cc -Wall -Wextra -Werror   -c -o ft_memcmp.o ft_memcmp.c
 
cc -Wall -Wextra -Werror   -c -o ft_strnstr.o ft_strnstr.c
cc -Wall -Wextra -Werror   -c -o ft_atoi.o ft_atoi.c
 
cc -Wall -Wextra -Werror   -c -o ft_calloc.o ft_calloc.c
cc -Wall -Wextra -Werror   -c -o ft_strdup.o ft_strdup.c
 
cc -Wall -Wextra -Werror   -c -o ft_itoa.o ft_itoa.c
cc -Wall -Wextra -Werror   -c -o ft_strmapi.o ft_strmapi.c
 
cc -Wall -Wextra -Werror   -c -o ft_striteri.o ft_striteri.c
cc -Wall -Wextra -Werror   -c -o ft_substr.o ft_substr.c
 
cc -Wall -Wextra -Werror   -c -o ft_strtrim.o ft_strtrim.c
cc -Wall -Wextra -Werror   -c -o ft_split.o ft_split.c
 
cc -Wall -Wextra -Werror   -c -o ft_strjoin.o ft_strjoin.c
cc -Wall -Wextra -Werror   -c -o ft_putchar_fd.o ft_putchar_fd.c
 
cc -Wall -Wextra -Werror   -c -o ft_putstr_fd.o ft_putstr_fd.c
cc -Wall -Wextra -Werror   -c -o ft_putendl_fd.o ft_putendl_fd.c
 
cc -Wall -Wextra -Werror   -c -o ft_putnbr_fd.o ft_putnbr_fd.c
 
cc -Wall -Wextra -Werror   -c -o ft_printf/ft_printf.o ft_printf/ft_printf.c
 
cc -Wall -Wextra -Werror   -c -o ft_printf/ft_printf_utils.o ft_printf/ft_printf_utils.c
 
cc -Wall -Wextra -Werror   -c -o ft_printf/ft_pointer.o ft_printf/ft_pointer.c
 
cc -Wall -Wextra -Werror   -c -o ft_printf/ft_puthex.o ft_printf/ft_puthex.c
 
ar rv libft.a ft_isalpha.o ft_isdigit.o ft_isalnum.o ft_isascii.o ft_isprint.o ft_strlen.o ft_memset.o ft_bzero.o ft_memcpy.o ft_memmove.o ft_strlcpy.o ft_strlcat.o ft_toupper.o ft_tolower.o ft_strchr.o ft_strrchr.o ft_strncmp.o ft_memchr.o ft_memcmp.o ft_strnstr.o ft_atoi.o ft_calloc.o ft_strdup.o ft_itoa.o ft_strmapi.o ft_striteri.o ft_substr.o ft_strtrim.o ft_split.o ft_atoi.o ft_strjoin.o ft_putchar_fd.o ft_putstr_fd.o ft_putendl_fd.o ft_putnbr_fd.o ./ft_printf/ft_printf.o ./ft_printf/ft_printf_utils.o ./ft_printf/ft_pointer.o ./ft_printf/ft_puthex.o >/dev/null 2>&1
echo "Done"
make[1]: Leaving directory '/mnt/d/CProgramming/42_push_swap/42_push_swap/srcs/imports/libft'
echo "Done"
cc -Wall -Wextra -Werror -g srcs/main/main.o srcs/main/mainsupport.o srcs/main/radix.o srcs/rules/ft_push_ops.o srcs/rules/ft_rev_rot_ops.o srcs/rules/ft_rot_ops.o srcs/rules/ft_swap_ops.o srcs/rules/list_rules1.o srcs/rules/list_rules2.o srcs/sorts/sort_checker.o srcs/sorts/sort.o ./srcs/imports/libft/libft.a -o push_swap
echo "Done"
echo "Done"
make: Leaving directory '/mnt/d/CProgramming/42_push_swap/42_push_swap'
 
